<?xml version="1.0" encoding="UTF-8"?>
<!-- Generated by org.testng.reporters.JUnitReportReporter -->
<testsuite hostname="PUN-PREMG" name="Academy.HomePage" tests="2" failures="0" timestamp="13 Jul 2017 12:46:02 GMT" time="20.988" errors="0">
  <testcase name="basePageNavigation" time="20.899" classname="Academy.HomePage"/>
  <testcase name="validateAppTitle" time="0.089" classname="Academy.HomePage"/>
</testsuite> <!-- Academy.HomePage -->
