<?xml version="1.0" encoding="UTF-8"?>
<!-- Generated by org.testng.reporters.JUnitReportReporter -->
<testsuite hostname="PUN-PREMG" name="Academy.HomePage" tests="2" failures="0" timestamp="13 Jul 2017 11:08:58 GMT" time="26.685" errors="0">
  <testcase name="basePageNavigation" time="26.561" classname="Academy.HomePage"/>
  <testcase name="validateAppTitle" time="0.124" classname="Academy.HomePage"/>
</testsuite> <!-- Academy.HomePage -->
